



<html>

<head one='one' two="two"	three ='three'	four=   "four"   five	=	'five'>1
2 this is a 
3 test

	<title>hello</title>
</head>

<body>

	<img src="http://www.cnn.com/shuttle.gif" size="10x10"></img>
</body>


</html>


	